2023-10-03 14:19:56.137-05:00 ERROR c.m.applicationinsights.agent - 
*************************
Application Insights Java Agent 3.4.4 startup failed (PID 14532)
*************************

Description:
No connection string provided

Action:
Please provide connection string.

2023-10-03 14:23:07.433-05:00 ERROR c.m.applicationinsights.agent - 
*************************
Application Insights Java Agent 3.4.4 startup failed (PID 34432)
*************************

Description:
No connection string provided

Action:
Please provide connection string.

2023-10-03 14:25:51.136-05:00 ERROR c.m.applicationinsights.agent - 
*************************
Application Insights Java Agent 3.4.4 startup failed (PID 40684)
*************************

Description:
No connection string provided

Action:
Please provide connection string.

2023-10-03 14:26:48.392-05:00 ERROR c.m.applicationinsights.agent - 
*************************
Application Insights Java Agent 3.4.4 startup failed (PID 39588)
*************************

Description:
No connection string provided

Action:
Please provide connection string.

2023-10-03 14:28:00.468-05:00 ERROR c.m.applicationinsights.agent - 
*************************
Application Insights Java Agent 3.4.4 startup failed (PID 8224)
*************************

Description:
No connection string provided

Action:
Please provide connection string.

2023-10-03 14:29:16.481-05:00 ERROR c.m.applicationinsights.agent - 
*************************
Application Insights Java Agent 3.4.4 startup failed (PID 26840)
*************************

Description:
No connection string provided

Action:
Please provide connection string.

2023-10-03 14:30:00.878-05:00 ERROR c.m.applicationinsights.agent - 
*************************
Application Insights Java Agent 3.4.4 startup failed (PID 40040)
*************************

Description:
No connection string provided

Action:
Please provide connection string.

2023-10-03 14:38:24.886-05:00 ERROR c.m.applicationinsights.agent - 
*************************
Application Insights Java Agent 3.4.4 startup failed (PID 40208)
*************************

Description:
No connection string provided

Action:
Please provide connection string.

2023-10-03 14:43:53.640-05:00 ERROR c.m.applicationinsights.agent - 
*************************
Application Insights Java Agent 3.4.4 startup failed (PID 32060)
*************************

Description:
No connection string provided

Action:
Please provide connection string.

2023-10-04 09:58:30.468-05:00 ERROR c.m.applicationinsights.agent - 
*************************
Application Insights Java Agent 3.4.4 startup failed (PID 14164)
*************************

Description:
No connection string provided

Action:
Please provide connection string.

2023-10-04 10:11:30.365-05:00 ERROR c.m.applicationinsights.agent - 
*************************
Application Insights Java Agent 3.4.4 startup failed (PID 28876)
*************************

Description:
No connection string provided

Action:
Please provide connection string.

2023-10-05 15:15:52.084-05:00 ERROR c.m.applicationinsights.agent - 
*************************
Application Insights Java Agent 3.4.4 startup failed (PID 12308)
*************************

Description:
No connection string provided

Action:
Please provide connection string.

2023-10-05 15:22:01.965-05:00 ERROR c.m.applicationinsights.agent - 
*************************
Application Insights Java Agent 3.4.4 startup failed (PID 35704)
*************************

Description:
No connection string provided

Action:
Please provide connection string.

2023-10-05 15:23:55.298-05:00 ERROR c.m.applicationinsights.agent - 
*************************
Application Insights Java Agent 3.4.4 startup failed (PID 29992)
*************************

Description:
No connection string provided

Action:
Please provide connection string.

2023-10-05 15:25:44.051-05:00 ERROR c.m.applicationinsights.agent - 
*************************
Application Insights Java Agent 3.4.4 startup failed (PID 32996)
*************************

Description:
No connection string provided

Action:
Please provide connection string.

2023-10-05 15:33:02.626-05:00 ERROR c.m.applicationinsights.agent - 
*************************
Application Insights Java Agent 3.4.4 startup failed (PID 35992)
*************************

Description:
No connection string provided

Action:
Please provide connection string.

2023-10-05 15:40:00.798-05:00 ERROR c.m.applicationinsights.agent - 
*************************
Application Insights Java Agent 3.4.4 startup failed (PID 31580)
*************************

Description:
No connection string provided

Action:
Please provide connection string.

2023-10-05 15:41:33.705-05:00 ERROR c.m.applicationinsights.agent - 
*************************
Application Insights Java Agent 3.4.4 startup failed (PID 31440)
*************************

Description:
No connection string provided

Action:
Please provide connection string.

2023-10-05 15:45:43.807-05:00 ERROR c.m.applicationinsights.agent - 
*************************
Application Insights Java Agent 3.4.4 startup failed (PID 24400)
*************************

Description:
No connection string provided

Action:
Please provide connection string.

2023-10-05 15:50:07.749-05:00 ERROR c.m.applicationinsights.agent - 
*************************
Application Insights Java Agent 3.4.4 startup failed (PID 33552)
*************************

Description:
No connection string provided

Action:
Please provide connection string.

2023-10-05 15:54:16.344-05:00 ERROR c.m.applicationinsights.agent - 
*************************
Application Insights Java Agent 3.4.4 startup failed (PID 40648)
*************************

Description:
No connection string provided

Action:
Please provide connection string.

2023-10-05 15:59:34.735-05:00 ERROR c.m.applicationinsights.agent - 
*************************
Application Insights Java Agent 3.4.4 startup failed (PID 46060)
*************************

Description:
No connection string provided

Action:
Please provide connection string.

2023-10-05 16:04:01.886-05:00 ERROR c.m.applicationinsights.agent - 
*************************
Application Insights Java Agent 3.4.4 startup failed (PID 38172)
*************************

Description:
No connection string provided

Action:
Please provide connection string.

2023-10-05 16:25:04.549-05:00 ERROR c.m.applicationinsights.agent - 
*************************
Application Insights Java Agent 3.4.4 startup failed (PID 44384)
*************************

Description:
No connection string provided

Action:
Please provide connection string.

2023-10-05 18:32:53.938-05:00 ERROR c.m.applicationinsights.agent - 
*************************
Application Insights Java Agent 3.4.4 startup failed (PID 7904)
*************************

Description:
No connection string provided

Action:
Please provide connection string.

2023-10-05 18:59:31.058-05:00 ERROR c.m.applicationinsights.agent - 
*************************
Application Insights Java Agent 3.4.4 startup failed (PID 27924)
*************************

Description:
No connection string provided

Action:
Please provide connection string.

2023-10-06 16:22:57.767-05:00 ERROR c.m.applicationinsights.agent - 
*************************
Application Insights Java Agent 3.4.4 startup failed (PID 13476)
*************************

Description:
No connection string provided

Action:
Please provide connection string.

2023-10-06 16:26:49.173-05:00 ERROR c.m.applicationinsights.agent - 
*************************
Application Insights Java Agent 3.4.4 startup failed (PID 29660)
*************************

Description:
No connection string provided

Action:
Please provide connection string.

2023-10-06 16:28:46.562-05:00 ERROR c.m.applicationinsights.agent - 
*************************
Application Insights Java Agent 3.4.4 startup failed (PID 43320)
*************************

Description:
No connection string provided

Action:
Please provide connection string.

2023-10-06 16:29:48.807-05:00 ERROR c.m.applicationinsights.agent - 
*************************
Application Insights Java Agent 3.4.4 startup failed (PID 11060)
*************************

Description:
No connection string provided

Action:
Please provide connection string.

2023-10-06 16:33:14.193-05:00 ERROR c.m.applicationinsights.agent - 
*************************
Application Insights Java Agent 3.4.4 startup failed (PID 44112)
*************************

Description:
No connection string provided

Action:
Please provide connection string.

2023-10-13 15:06:23.980-05:00 ERROR c.m.applicationinsights.agent - 
*************************
Application Insights Java Agent 3.4.4 startup failed (PID 25480)
*************************

Description:
No connection string provided

Action:
Please provide connection string.

2023-10-13 15:15:33.017-05:00 ERROR c.m.applicationinsights.agent - 
*************************
Application Insights Java Agent 3.4.4 startup failed (PID 10548)
*************************

Description:
No connection string provided

Action:
Please provide connection string.

2023-10-13 15:16:20.332-05:00 ERROR c.m.applicationinsights.agent - 
*************************
Application Insights Java Agent 3.4.4 startup failed (PID 2004)
*************************

Description:
No connection string provided

Action:
Please provide connection string.

2023-10-13 15:18:25.256-05:00 ERROR c.m.applicationinsights.agent - 
*************************
Application Insights Java Agent 3.4.4 startup failed (PID 27004)
*************************

Description:
No connection string provided

Action:
Please provide connection string.

2023-10-13 15:20:48.143-05:00 ERROR c.m.applicationinsights.agent - 
*************************
Application Insights Java Agent 3.4.4 startup failed (PID 9608)
*************************

Description:
No connection string provided

Action:
Please provide connection string.

2023-10-13 15:22:58.498-05:00 ERROR c.m.applicationinsights.agent - 
*************************
Application Insights Java Agent 3.4.4 startup failed (PID 25860)
*************************

Description:
No connection string provided

Action:
Please provide connection string.

2023-10-13 15:24:16.094-05:00 ERROR c.m.applicationinsights.agent - 
*************************
Application Insights Java Agent 3.4.4 startup failed (PID 28652)
*************************

Description:
No connection string provided

Action:
Please provide connection string.

2023-10-13 15:32:54.038-05:00 ERROR c.m.applicationinsights.agent - 
*************************
Application Insights Java Agent 3.4.4 startup failed (PID 16344)
*************************

Description:
No connection string provided

Action:
Please provide connection string.

2023-10-13 15:37:32.714-05:00 ERROR c.m.applicationinsights.agent - 
*************************
Application Insights Java Agent 3.4.4 startup failed (PID 27580)
*************************

Description:
No connection string provided

Action:
Please provide connection string.

2023-10-13 15:50:26.950-05:00 ERROR c.m.applicationinsights.agent - 
*************************
Application Insights Java Agent 3.4.4 startup failed (PID 26832)
*************************

Description:
No connection string provided

Action:
Please provide connection string.

2023-10-13 15:56:19.654-05:00 ERROR c.m.applicationinsights.agent - 
*************************
Application Insights Java Agent 3.4.4 startup failed (PID 26272)
*************************

Description:
No connection string provided

Action:
Please provide connection string.

2023-10-13 15:58:16.584-05:00 ERROR c.m.applicationinsights.agent - 
*************************
Application Insights Java Agent 3.4.4 startup failed (PID 29676)
*************************

Description:
No connection string provided

Action:
Please provide connection string.

2023-10-13 16:02:51.449-05:00 ERROR c.m.applicationinsights.agent - 
*************************
Application Insights Java Agent 3.4.4 startup failed (PID 29724)
*************************

Description:
No connection string provided

Action:
Please provide connection string.

2023-10-13 16:06:04.914-05:00 ERROR c.m.applicationinsights.agent - 
*************************
Application Insights Java Agent 3.4.4 startup failed (PID 31012)
*************************

Description:
No connection string provided

Action:
Please provide connection string.

2023-10-13 16:08:14.203-05:00 ERROR c.m.applicationinsights.agent - 
*************************
Application Insights Java Agent 3.4.4 startup failed (PID 31700)
*************************

Description:
No connection string provided

Action:
Please provide connection string.

2023-10-13 16:12:30.879-05:00 ERROR c.m.applicationinsights.agent - 
*************************
Application Insights Java Agent 3.4.4 startup failed (PID 31652)
*************************

Description:
No connection string provided

Action:
Please provide connection string.

2023-10-13 16:15:07.457-05:00 ERROR c.m.applicationinsights.agent - 
*************************
Application Insights Java Agent 3.4.4 startup failed (PID 31352)
*************************

Description:
No connection string provided

Action:
Please provide connection string.

2023-10-13 16:20:07.382-05:00 ERROR c.m.applicationinsights.agent - 
*************************
Application Insights Java Agent 3.4.4 startup failed (PID 29864)
*************************

Description:
No connection string provided

Action:
Please provide connection string.

2023-10-13 16:20:54.952-05:00 ERROR c.m.applicationinsights.agent - 
*************************
Application Insights Java Agent 3.4.4 startup failed (PID 32524)
*************************

Description:
No connection string provided

Action:
Please provide connection string.

2024-07-17 17:40:17.245-05:00 ERROR c.m.applicationinsights.agent - 
*************************
Application Insights Java Agent 3.4.4 startup failed (PID 27008)
*************************

Description:
No connection string provided

Action:
Please provide connection string.

2024-07-17 17:44:35.494-05:00 ERROR c.m.applicationinsights.agent - 
*************************
Application Insights Java Agent 3.4.4 startup failed (PID 21532)
*************************

Description:
No connection string provided

Action:
Please provide connection string.

2024-07-18 13:20:52.669-05:00 ERROR c.m.applicationinsights.agent - 
*************************
Application Insights Java Agent 3.4.4 startup failed (PID 21192)
*************************

Description:
No connection string provided

Action:
Please provide connection string.

2024-07-18 13:32:03.997-05:00 ERROR c.m.applicationinsights.agent - 
*************************
Application Insights Java Agent 3.4.4 startup failed (PID 6096)
*************************

Description:
No connection string provided

Action:
Please provide connection string.

2024-07-18 13:33:41.523-05:00 ERROR c.m.applicationinsights.agent - 
*************************
Application Insights Java Agent 3.4.4 startup failed (PID 24736)
*************************

Description:
No connection string provided

Action:
Please provide connection string.

2024-07-18 13:41:34.871-05:00 ERROR c.m.applicationinsights.agent - 
*************************
Application Insights Java Agent 3.4.4 startup failed (PID 22420)
*************************

Description:
No connection string provided

Action:
Please provide connection string.

2024-07-18 13:43:21.573-05:00 ERROR c.m.applicationinsights.agent - 
*************************
Application Insights Java Agent 3.4.4 startup failed (PID 10912)
*************************

Description:
No connection string provided

Action:
Please provide connection string.

2024-07-18 13:45:56.066-05:00 ERROR c.m.applicationinsights.agent - 
*************************
Application Insights Java Agent 3.4.4 startup failed (PID 26988)
*************************

Description:
No connection string provided

Action:
Please provide connection string.

2024-07-18 14:35:44.099-05:00 ERROR c.m.applicationinsights.agent - 
*************************
Application Insights Java Agent 3.4.4 startup failed (PID 30008)
*************************

Description:
No connection string provided

Action:
Please provide connection string.

2024-07-18 14:40:40.120-05:00 ERROR c.m.applicationinsights.agent - 
*************************
Application Insights Java Agent 3.4.4 startup failed (PID 30656)
*************************

Description:
No connection string provided

Action:
Please provide connection string.

2024-07-18 14:50:50.689-05:00 ERROR c.m.applicationinsights.agent - 
*************************
Application Insights Java Agent 3.4.4 startup failed (PID 4480)
*************************

Description:
No connection string provided

Action:
Please provide connection string.

2024-07-18 15:08:33.627-05:00 ERROR c.m.applicationinsights.agent - 
*************************
Application Insights Java Agent 3.4.4 startup failed (PID 27424)
*************************

Description:
No connection string provided

Action:
Please provide connection string.

2024-07-18 15:10:15.932-05:00 ERROR c.m.applicationinsights.agent - 
*************************
Application Insights Java Agent 3.4.4 startup failed (PID 34576)
*************************

Description:
No connection string provided

Action:
Please provide connection string.

2024-07-18 15:16:06.201-05:00 ERROR c.m.applicationinsights.agent - 
*************************
Application Insights Java Agent 3.4.4 startup failed (PID 35308)
*************************

Description:
No connection string provided

Action:
Please provide connection string.

2024-07-18 15:26:43.233-05:00 ERROR c.m.applicationinsights.agent - 
*************************
Application Insights Java Agent 3.4.4 startup failed (PID 34628)
*************************

Description:
No connection string provided

Action:
Please provide connection string.

2024-07-18 15:29:36.194-05:00 ERROR c.m.applicationinsights.agent - 
*************************
Application Insights Java Agent 3.4.4 startup failed (PID 35668)
*************************

Description:
No connection string provided

Action:
Please provide connection string.

2024-07-18 15:33:29.794-05:00 ERROR c.m.applicationinsights.agent - 
*************************
Application Insights Java Agent 3.4.4 startup failed (PID 20692)
*************************

Description:
No connection string provided

Action:
Please provide connection string.

2024-07-18 15:39:49.925-05:00 ERROR c.m.applicationinsights.agent - 
*************************
Application Insights Java Agent 3.4.4 startup failed (PID 22152)
*************************

Description:
No connection string provided

Action:
Please provide connection string.

2024-07-18 15:44:35.953-05:00 ERROR c.m.applicationinsights.agent - 
*************************
Application Insights Java Agent 3.4.4 startup failed (PID 6936)
*************************

Description:
No connection string provided

Action:
Please provide connection string.

2024-07-18 15:49:41.609-05:00 ERROR c.m.applicationinsights.agent - 
*************************
Application Insights Java Agent 3.4.4 startup failed (PID 10092)
*************************

Description:
No connection string provided

Action:
Please provide connection string.

2024-07-18 15:51:41.396-05:00 ERROR c.m.applicationinsights.agent - 
*************************
Application Insights Java Agent 3.4.4 startup failed (PID 33000)
*************************

Description:
No connection string provided

Action:
Please provide connection string.

2024-07-18 15:53:08.598-05:00 ERROR c.m.applicationinsights.agent - 
*************************
Application Insights Java Agent 3.4.4 startup failed (PID 2852)
*************************

Description:
No connection string provided

Action:
Please provide connection string.

2024-07-18 15:57:01.034-05:00 ERROR c.m.applicationinsights.agent - 
*************************
Application Insights Java Agent 3.4.4 startup failed (PID 16512)
*************************

Description:
No connection string provided

Action:
Please provide connection string.

2024-07-18 16:02:44.368-05:00 ERROR c.m.applicationinsights.agent - 
*************************
Application Insights Java Agent 3.4.4 startup failed (PID 24244)
*************************

Description:
No connection string provided

Action:
Please provide connection string.

2024-07-18 16:07:03.221-05:00 ERROR c.m.applicationinsights.agent - 
*************************
Application Insights Java Agent 3.4.4 startup failed (PID 29120)
*************************

Description:
No connection string provided

Action:
Please provide connection string.

2024-07-18 16:11:57.230-05:00 ERROR c.m.applicationinsights.agent - 
*************************
Application Insights Java Agent 3.4.4 startup failed (PID 30788)
*************************

Description:
No connection string provided

Action:
Please provide connection string.

2024-07-18 16:31:11.389-05:00 ERROR c.m.applicationinsights.agent - 
*************************
Application Insights Java Agent 3.4.4 startup failed (PID 35292)
*************************

Description:
No connection string provided

Action:
Please provide connection string.

2024-07-18 16:39:18.303-05:00 ERROR c.m.applicationinsights.agent - 
*************************
Application Insights Java Agent 3.4.4 startup failed (PID 32836)
*************************

Description:
No connection string provided

Action:
Please provide connection string.

2024-07-18 16:45:05.059-05:00 ERROR c.m.applicationinsights.agent - 
*************************
Application Insights Java Agent 3.4.4 startup failed (PID 32416)
*************************

Description:
No connection string provided

Action:
Please provide connection string.

2024-07-18 16:48:07.569-05:00 ERROR c.m.applicationinsights.agent - 
*************************
Application Insights Java Agent 3.4.4 startup failed (PID 37464)
*************************

Description:
No connection string provided

Action:
Please provide connection string.

2024-07-18 16:49:09.210-05:00 ERROR c.m.applicationinsights.agent - 
*************************
Application Insights Java Agent 3.4.4 startup failed (PID 37404)
*************************

Description:
No connection string provided

Action:
Please provide connection string.

2024-07-18 17:06:46.715-05:00 ERROR c.m.applicationinsights.agent - 
*************************
Application Insights Java Agent 3.4.4 startup failed (PID 25768)
*************************

Description:
No connection string provided

Action:
Please provide connection string.

2024-07-18 17:09:03.082-05:00 ERROR c.m.applicationinsights.agent - 
*************************
Application Insights Java Agent 3.4.4 startup failed (PID 35684)
*************************

Description:
No connection string provided

Action:
Please provide connection string.

2024-07-18 17:10:27.638-05:00 ERROR c.m.applicationinsights.agent - 
*************************
Application Insights Java Agent 3.4.4 startup failed (PID 28956)
*************************

Description:
No connection string provided

Action:
Please provide connection string.

2024-07-18 17:12:44.970-05:00 ERROR c.m.applicationinsights.agent - 
*************************
Application Insights Java Agent 3.4.4 startup failed (PID 37296)
*************************

Description:
No connection string provided

Action:
Please provide connection string.

2024-07-18 17:22:34.370-05:00 ERROR c.m.applicationinsights.agent - 
*************************
Application Insights Java Agent 3.4.4 startup failed (PID 27184)
*************************

Description:
No connection string provided

Action:
Please provide connection string.

2024-07-18 17:25:52.994-05:00 ERROR c.m.applicationinsights.agent - 
*************************
Application Insights Java Agent 3.4.4 startup failed (PID 24520)
*************************

Description:
No connection string provided

Action:
Please provide connection string.

2024-07-18 17:34:31.961-05:00 ERROR c.m.applicationinsights.agent - 
*************************
Application Insights Java Agent 3.4.4 startup failed (PID 8964)
*************************

Description:
No connection string provided

Action:
Please provide connection string.

2024-07-18 17:38:57.436-05:00 ERROR c.m.applicationinsights.agent - 
*************************
Application Insights Java Agent 3.4.4 startup failed (PID 36872)
*************************

Description:
No connection string provided

Action:
Please provide connection string.

2024-07-23 16:33:38.891-05:00 ERROR c.m.applicationinsights.agent - 
*************************
Application Insights Java Agent 3.4.4 startup failed (PID 29764)
*************************

Description:
No connection string provided

Action:
Please provide connection string.

2024-07-24 15:18:51.106-05:00 ERROR c.m.applicationinsights.agent - 
*************************
Application Insights Java Agent 3.4.4 startup failed (PID 14036)
*************************

Description:
No connection string provided

Action:
Please provide connection string.

2024-07-25 13:13:25.623-05:00 ERROR c.m.applicationinsights.agent - 
*************************
Application Insights Java Agent 3.4.4 startup failed (PID 8344)
*************************

Description:
No connection string provided

Action:
Please provide connection string.

2024-07-25 13:19:27.734-05:00 ERROR c.m.applicationinsights.agent - 
*************************
Application Insights Java Agent 3.4.4 startup failed (PID 25944)
*************************

Description:
No connection string provided

Action:
Please provide connection string.

2024-07-25 13:23:58.603-05:00 ERROR c.m.applicationinsights.agent - 
*************************
Application Insights Java Agent 3.4.4 startup failed (PID 11708)
*************************

Description:
No connection string provided

Action:
Please provide connection string.

2024-07-25 13:25:37.997-05:00 ERROR c.m.applicationinsights.agent - 
*************************
Application Insights Java Agent 3.4.4 startup failed (PID 10344)
*************************

Description:
No connection string provided

Action:
Please provide connection string.

2024-07-25 13:30:14.854-05:00 ERROR c.m.applicationinsights.agent - 
*************************
Application Insights Java Agent 3.4.4 startup failed (PID 37724)
*************************

Description:
No connection string provided

Action:
Please provide connection string.

2024-07-25 13:35:32.421-05:00 ERROR c.m.applicationinsights.agent - 
*************************
Application Insights Java Agent 3.4.4 startup failed (PID 21192)
*************************

Description:
No connection string provided

Action:
Please provide connection string.

2024-07-25 13:36:30.424-05:00 ERROR c.m.applicationinsights.agent - 
*************************
Application Insights Java Agent 3.4.4 startup failed (PID 30092)
*************************

Description:
No connection string provided

Action:
Please provide connection string.

2024-07-25 13:41:07.741-05:00 ERROR c.m.applicationinsights.agent - 
*************************
Application Insights Java Agent 3.4.4 startup failed (PID 33036)
*************************

Description:
No connection string provided

Action:
Please provide connection string.

2024-07-25 13:43:15.925-05:00 ERROR c.m.applicationinsights.agent - 
*************************
Application Insights Java Agent 3.4.4 startup failed (PID 25628)
*************************

Description:
No connection string provided

Action:
Please provide connection string.

2024-07-25 13:45:37.864-05:00 ERROR c.m.applicationinsights.agent - 
*************************
Application Insights Java Agent 3.4.4 startup failed (PID 29000)
*************************

Description:
No connection string provided

Action:
Please provide connection string.

2024-07-25 13:47:48.814-05:00 ERROR c.m.applicationinsights.agent - 
*************************
Application Insights Java Agent 3.4.4 startup failed (PID 27768)
*************************

Description:
No connection string provided

Action:
Please provide connection string.

2024-07-25 13:54:17.361-05:00 ERROR c.m.applicationinsights.agent - 
*************************
Application Insights Java Agent 3.4.4 startup failed (PID 26768)
*************************

Description:
No connection string provided

Action:
Please provide connection string.

2024-08-06 11:08:25.467-05:00 ERROR c.m.applicationinsights.agent - 
*************************
Application Insights Java Agent 3.4.4 startup failed (PID 41740)
*************************

Description:
No connection string provided

Action:
Please provide connection string.

2024-08-06 11:25:59.444-05:00 ERROR c.m.applicationinsights.agent - 
*************************
Application Insights Java Agent 3.4.4 startup failed (PID 34464)
*************************

Description:
No connection string provided

Action:
Please provide connection string.

2024-08-06 11:32:20.067-05:00 ERROR c.m.applicationinsights.agent - 
*************************
Application Insights Java Agent 3.4.4 startup failed (PID 29788)
*************************

Description:
No connection string provided

Action:
Please provide connection string.

2024-08-06 11:48:36.906-05:00 ERROR c.m.applicationinsights.agent - 
*************************
Application Insights Java Agent 3.4.4 startup failed (PID 22512)
*************************

Description:
No connection string provided

Action:
Please provide connection string.

2024-08-16 11:04:39.408-05:00 ERROR c.m.applicationinsights.agent - 
*************************
Application Insights Java Agent 3.4.4 startup failed (PID 52572)
*************************

Description:
No connection string provided

Action:
Please provide connection string.

2024-08-16 13:19:17.442-05:00 ERROR c.m.applicationinsights.agent - 
*************************
Application Insights Java Agent 3.4.4 startup failed (PID 31600)
*************************

Description:
No connection string provided

Action:
Please provide connection string.

2024-08-16 13:29:56.755-05:00 ERROR c.m.applicationinsights.agent - 
*************************
Application Insights Java Agent 3.4.4 startup failed (PID 44696)
*************************

Description:
No connection string provided

Action:
Please provide connection string.

2024-08-16 13:32:56.630-05:00 ERROR c.m.applicationinsights.agent - 
*************************
Application Insights Java Agent 3.4.4 startup failed (PID 29724)
*************************

Description:
No connection string provided

Action:
Please provide connection string.

2024-08-16 13:48:02.063-05:00 ERROR c.m.applicationinsights.agent - 
*************************
Application Insights Java Agent 3.4.4 startup failed (PID 59532)
*************************

Description:
No connection string provided

Action:
Please provide connection string.

2024-08-16 14:00:28.571-05:00 ERROR c.m.applicationinsights.agent - 
*************************
Application Insights Java Agent 3.4.4 startup failed (PID 33996)
*************************

Description:
No connection string provided

Action:
Please provide connection string.

2024-08-16 16:21:01.827-05:00 ERROR c.m.applicationinsights.agent - 
*************************
Application Insights Java Agent 3.4.4 startup failed (PID 45800)
*************************

Description:
No connection string provided

Action:
Please provide connection string.

2024-08-16 16:34:18.183-05:00 ERROR c.m.applicationinsights.agent - 
*************************
Application Insights Java Agent 3.4.4 startup failed (PID 64044)
*************************

Description:
No connection string provided

Action:
Please provide connection string.

2024-08-16 16:34:59.754-05:00 ERROR c.m.applicationinsights.agent - 
*************************
Application Insights Java Agent 3.4.4 startup failed (PID 49348)
*************************

Description:
No connection string provided

Action:
Please provide connection string.

2024-08-16 16:45:03.424-05:00 ERROR c.m.applicationinsights.agent - 
*************************
Application Insights Java Agent 3.4.4 startup failed (PID 23796)
*************************

Description:
No connection string provided

Action:
Please provide connection string.

2024-08-16 16:46:28.104-05:00 ERROR c.m.applicationinsights.agent - 
*************************
Application Insights Java Agent 3.4.4 startup failed (PID 62640)
*************************

Description:
No connection string provided

Action:
Please provide connection string.

2024-08-16 16:47:27.276-05:00 ERROR c.m.applicationinsights.agent - 
*************************
Application Insights Java Agent 3.4.4 startup failed (PID 17904)
*************************

Description:
No connection string provided

Action:
Please provide connection string.

2024-08-16 16:55:02.817-05:00 ERROR c.m.applicationinsights.agent - 
*************************
Application Insights Java Agent 3.4.4 startup failed (PID 26000)
*************************

Description:
No connection string provided

Action:
Please provide connection string.

2024-08-16 16:56:18.904-05:00 ERROR c.m.applicationinsights.agent - 
*************************
Application Insights Java Agent 3.4.4 startup failed (PID 50564)
*************************

Description:
No connection string provided

Action:
Please provide connection string.

2024-08-16 16:57:19.274-05:00 ERROR c.m.applicationinsights.agent - 
*************************
Application Insights Java Agent 3.4.4 startup failed (PID 30888)
*************************

Description:
No connection string provided

Action:
Please provide connection string.

2024-08-16 16:57:48.317-05:00 ERROR c.m.applicationinsights.agent - 
*************************
Application Insights Java Agent 3.4.4 startup failed (PID 63732)
*************************

Description:
No connection string provided

Action:
Please provide connection string.

2024-08-16 16:58:43.390-05:00 ERROR c.m.applicationinsights.agent - 
*************************
Application Insights Java Agent 3.4.4 startup failed (PID 55764)
*************************

Description:
No connection string provided

Action:
Please provide connection string.

2024-08-16 18:06:19.077-05:00 ERROR c.m.applicationinsights.agent - 
*************************
Application Insights Java Agent 3.4.4 startup failed (PID 50220)
*************************

Description:
No connection string provided

Action:
Please provide connection string.

2024-08-16 18:07:23.529-05:00 ERROR c.m.applicationinsights.agent - 
*************************
Application Insights Java Agent 3.4.4 startup failed (PID 38192)
*************************

Description:
No connection string provided

Action:
Please provide connection string.

2024-08-16 18:08:21.329-05:00 ERROR c.m.applicationinsights.agent - 
*************************
Application Insights Java Agent 3.4.4 startup failed (PID 61684)
*************************

Description:
No connection string provided

Action:
Please provide connection string.

2024-08-16 18:10:11.580-05:00 ERROR c.m.applicationinsights.agent - 
*************************
Application Insights Java Agent 3.4.4 startup failed (PID 26320)
*************************

Description:
No connection string provided

Action:
Please provide connection string.

